Vim: Warning: Output is not to a terminal
[?1000h[?1049h[>4;2m[?1h=[?2004h[1;31r[?12h[?12l[22;2t[22;1t[27m[29m[m[38;5;252m[48;5;233m[H[2J[?25l[30;1H"src/infrastructure/api/request.js" 26L, 639C[?1000l[?2004l[?2004h[?1000h[?1000l[?2004l[?2004h[?1000h[?1000l[?2004l[?2004h[?1000h[?1000l[?2004l[?2004h[?1000h[?1000l[?2004l[?2004h[?1000h[?1000l[?2004l[?2004h[?1000h[?1000l[?2004l[?2004h[?1000h[?2004h[?1000l[?2004l[?2004h[?1000h[?1000l[?2004l[?2004h[?1000h[?1000l[?2004l[?2004h[?1000h[?1000l[?2004l[?2004h[?1000h[?1000l[?2004l[?2004h[?1000h[?2004h[?1000l[?2004l[?2004h[?1000h[?1000l[?2004l[?2004h[?1000h[?1000l[?2004l[?2004h[?1000h[?1000l[?2004l[?2004h[?1000h[?1000l[?2004l[?2004h[?1000h[?1000l[?2004l[?2004h[?1000h[?1000l[?2004l[?2004h[?1000h[?1000l[?2004l[?2004h[?1000h[?1000l[?2004l[?2004h[?1000h[?1000l[?2004l[?2004h[?1000h[?1000l[?2004l[?2004h[?1000h[?1000l[?2004l[?2004h[?1000h[?1000l[?2004l[?2004h[?1000h[?1000l[?2004l[?2004h[?1000h[?1000l[?2004l[?2004h[?1000h[?1000l[?2004l[?2004h[?1000h[?1000l[?2004l[?2004h[?1000h[?1000l[?2004l[?2004h[?1000h[?1000l[?2004l[?2004h[?1000h[?1000l[?2004l[?2004h[?1000h[?1000l[?2004l[?2004h[?1000h[?1000l[?2004l[?2004h[?1000h[?1000l[?2004l[?2004h[?1000h[?1000l[?2004l[?2004h[?1000h[?1000l[?2004l[?2004h[?1000h[?1000l[?2004l[?2004h[?1000h[?1000l[?2004l[?2004h[?1000h[?1000l[?2004l[?2004h[?1000h[?1000l[?2004l[?2004h[?1000h[?1000l[?2004l[?2004h[?1000h[?2004h[1;1H[1m request.js [m[38;5;252m[48;5;233m[7m[38;5;59m[48;5;252m                                                                                                                                 [m[38;5;252m[48;5;233m[2;1H[38;5;172m1   [m[38;5;252m[48;5;233m[38;5;67m[48;5;236mimport[m[38;5;252m[48;5;233m[48;5;236m axios from [m[38;5;252m[48;5;233m[38;5;179m[48;5;236m'axios'[m[38;5;252m[48;5;233m[48;5;236m                                                                                                                [m[38;5;252m[48;5;233m[3;1H[38;5;242m  1 
  2 /**
  3  * [m[38;5;252m[48;5;233m@name[38;5;242m [m[38;5;252m[48;5;233m[38;5;67mrequest[m[38;5;252m[48;5;233m
[38;5;242m  4  * [m[38;5;252m[48;5;233m@param[38;5;242m [m[38;5;252m[48;5;233m[38;5;67m{string}[m[38;5;252m[48;5;233m[38;5;242m method
  5  * [m[38;5;252m[48;5;233m@param[38;5;242m [m[38;5;252m[48;5;233m[38;5;67m{object}[m[38;5;252m[48;5;233m[38;5;242m payload
  6  */
  7 [m[38;5;252m[48;5;233m[38;5;172mconst[m[38;5;252m[48;5;233m request [38;5;252m=[m[38;5;252m[48;5;233m [38;5;252m([m[38;5;252m[48;5;233ment[38;5;252m,[m[38;5;252m[48;5;233m method[38;5;252m,[m[38;5;252m[48;5;233m payload[38;5;252m)[m[38;5;252m[48;5;233m [38;5;252m=>[m[38;5;252m[48;5;233m [38;5;252m{[m[38;5;252m[48;5;233m
[38;5;242m  8 [m[38;5;252m[48;5;233m  [38;5;67mreturn[m[38;5;252m[48;5;233m [38;5;67mnew[m[38;5;252m[48;5;233m [38;5;132mPromise[m[38;5;252m[48;5;233m[38;5;252m(([m[38;5;252m[48;5;233mresolve[38;5;252m,[m[38;5;252m[48;5;233m reject[38;5;252m)[m[38;5;252m[48;5;233m [38;5;252m=>[m[38;5;252m[48;5;233m [38;5;252m{[m[38;5;252m[48;5;233m
[38;5;242m  9 [m[38;5;252m[48;5;233m    [38;5;172mconst[m[38;5;252m[48;5;233m task [38;5;252m=[m[38;5;252m[48;5;233m axios[38;5;252m[[m[38;5;252m[48;5;233mmethod[38;5;252m][m[38;5;252m[48;5;233m
[38;5;242m 10 [m[38;5;252m[48;5;233m    [38;5;172mconst[m[38;5;252m[48;5;233m baseUrl [38;5;252m=[m[38;5;252m[48;5;233m [38;5;179m'https://reqres.in/api'[m[38;5;252m[48;5;233m
[38;5;242m 11 [m[38;5;252m[48;5;233m    [38;5;172mconst[m[38;5;252m[48;5;233m entity [38;5;252m=[m[38;5;252m[48;5;233m ent [38;5;252m||[m[38;5;252m[48;5;233m [38;5;179m'users'[m[38;5;252m[48;5;233m [38;5;242m// @todo generalize the entity to apps according to domain-driven design
 12 [m[38;5;252m[48;5;233m    [38;5;172mconst[m[38;5;252m[48;5;233m glue [38;5;252m=[m[38;5;252m[48;5;233m [38;5;179m'/'[m[38;5;252m[48;5;233m
[38;5;242m 13 [m[38;5;252m[48;5;233m    [38;5;172mconst[m[38;5;252m[48;5;233m endpoint [38;5;252m=[m[38;5;252m[48;5;233m [38;5;252m[[m[38;5;252m[48;5;233mbaseUrl[38;5;252m,[m[38;5;252m[48;5;233m entity[38;5;252m][m[38;5;252m[48;5;233m.[38;5;150mjoin[m[38;5;252m[48;5;233m[38;5;252m([m[38;5;252m[48;5;233mglue[38;5;252m)[m[38;5;252m[48;5;233m
[38;5;242m 14 
 15 [m[38;5;252m[48;5;233m    task[38;5;252m([m[38;5;252m[48;5;233mendpoint[38;5;252m,[m[38;5;252m[48;5;233m payload [38;5;252m||[m[38;5;252m[48;5;233m [38;5;140mnull[m[38;5;252m[48;5;233m[38;5;252m)[m[38;5;252m[48;5;233m
[38;5;242m 16 [m[38;5;252m[48;5;233m      .[38;5;150mthen[m[38;5;252m[48;5;233m[38;5;252m(([m[38;5;252m[48;5;233mresponse[38;5;252m)[m[38;5;252m[48;5;233m [38;5;252m=>[m[38;5;252m[48;5;233m [38;5;252m{[m[38;5;252m[48;5;233m
[38;5;242m 17 [m[38;5;252m[48;5;233m[8Cresolve[38;5;252m([m[38;5;252m[48;5;233mresponse[38;5;252m)[m[38;5;252m[48;5;233m
[38;5;242m 18 [m[38;5;252m[48;5;233m      [38;5;252m})[m[38;5;252m[48;5;233m
[38;5;242m 19 [m[38;5;252m[48;5;233m      .[38;5;172mcatch[m[38;5;252m[48;5;233m[38;5;252m(([m[38;5;252m[48;5;233merror[38;5;252m)[m[38;5;252m[48;5;233m [38;5;252m=>[m[38;5;252m[48;5;233m [38;5;252m{[m[38;5;252m[48;5;233m
[38;5;242m 20 [m[38;5;252m[48;5;233m[8Cconsole.log[38;5;252m([m[38;5;252m[48;5;233merror[38;5;252m)[m[38;5;252m[48;5;233m
[38;5;242m 21 [m[38;5;252m[48;5;233m      [38;5;252m})[m[38;5;252m[48;5;233m
[38;5;242m 22 [m[38;5;252m[48;5;233m  [38;5;252m})[m[38;5;252m[48;5;233m
[38;5;242m 23 [m[38;5;252m[48;5;233m[38;5;252m}[m[38;5;252m[48;5;233m
[38;5;242m 24 
 25 [m[38;5;252m[48;5;233m[38;5;67mexport[m[38;5;252m[48;5;233m [38;5;67mdefault[m[38;5;252m[48;5;233m request
[38;5;233m[48;5;233m~                                                                                                                                            [m[38;5;252m[48;5;233m[29;1H[1m[38;5;235m[48;5;246m 1 [m[38;5;252m[48;5;233m[38;5;246m[48;5;239mî‚°[29;5H - 639 bytes request.js [m[38;5;252m[48;5;233m[38;5;239m[48;5;237mî‚°[m[38;5;252m[48;5;233m[29;30H[38;5;246m[48;5;237m javascript [m[38;5;252m[48;5;233m[38;5;237m[48;5;239mî‚°[m[38;5;252m[48;5;233m[29;43H[38;5;246m[48;5;239m â– â“¢[29;47H  [m[38;5;252m[48;5;233m[38;5;239m[48;5;241mî‚°[m[38;5;252m[48;5;233m[29;50H[38;5;237m[48;5;241m                                                              axios [m[38;5;252m[48;5;233m[38;5;239m[48;5;241mî‚²[m[38;5;252m[48;5;233m[29;119H[38;5;246m[48;5;239m ï…¹[29;121H | utf-8 [m[38;5;252m[48;5;233m[38;5;237m[48;5;239mî‚²[m[38;5;252m[48;5;233m[29;131H[38;5;246m[48;5;237m 1:1 [m[38;5;252m[48;5;233m[38;5;239m[48;5;237mî‚²[m[38;5;252m[48;5;233m[29;137H[38;5;246m[48;5;239m All [2;5H[?25h[?25l[m[38;5;252m[48;5;233m[38;5;242m  1 [m[38;5;252m[48;5;233m[38;5;67mimport[m[38;5;252m[48;5;233m axios from [38;5;179m'axios'[m[38;5;252m[48;5;233m[2;30H[K[3;1H[38;5;172m2   [m[38;5;252m[48;5;233m[48;5;236m                                                                                                                                         [m[38;5;252m[48;5;233m[4;3H[38;5;242m1
  2
  3
  4
  5
  6
  7
  8
  9
 10
 11
 12
 13
 14
 15
 16
 17
 18
 19
 20
 21
 22
 23
 24[m[38;5;252m[48;5;233m[29;132H[38;5;246m[48;5;237m2:0[3;5H[?25h[?25l[?25h[?25l[m[38;5;252m[48;5;233m[2;3H[38;5;242m2
  1 [m[38;5;252m[48;5;233m[3;5H[K[4;1H[38;5;172m3   [m[38;5;252m[48;5;233m[38;5;242m[48;5;236m/**[m[38;5;252m[48;5;233m[48;5;236m                                                                                                                                      [m[38;5;252m[48;5;233m[5;3H[38;5;242m1
  2
  3
  4
  5
  6
  7
  8
  9
 10
 11
 12
 13
 14
 15
 16
 17
 18
 19
 20
 21
 22
 23[m[38;5;252m[48;5;233m[29;132H[38;5;246m[48;5;237m3:1[4;5H[?25h[?1000l[?2004h[?1000h[?25l[m[38;5;252m[48;5;233m[30;1HCopied to clipboard /Users/nerdfiles/Projects/reacting/src/infrastructure/api/request.js[4;5H[?25h[?25l[2;3H[38;5;242m3
  2
  1 /**[m[38;5;252m[48;5;233m[4;8H[K[5;1H[38;5;172m4   [m[38;5;252m[48;5;233m[38;5;242m[48;5;236m * [m[38;5;252m[48;5;233m[48;5;236m@name[m[38;5;252m[48;5;233m[38;5;242m[48;5;236m [m[38;5;252m[48;5;233m[38;5;67m[48;5;236mrequest[m[38;5;252m[48;5;233m[48;5;236m                                                                                                                         [m[38;5;252m[48;5;233m[6;3H[38;5;242m1
  2
  3
  4
  5
  6
  7
  8
  9
 10
 11
 12
 13
 14
 15
 16
 17
 18
 19
 20
 21
 22[m[38;5;252m[48;5;233m[29;132H[38;5;246m[48;5;237m4:2[5;6H[?25h[?25l[m[38;5;252m[48;5;233m[2;3H[38;5;242m4
  3
  2
  1  * [m[38;5;252m[48;5;233m@name[38;5;242m [m[38;5;252m[48;5;233m[38;5;67mrequest[m[38;5;252m[48;5;233m[5;21H[K[6;1H[38;5;172m5   [m[38;5;252m[48;5;233m[38;5;242m[48;5;236m * [m[38;5;252m[48;5;233m[48;5;236m@param[m[38;5;252m[48;5;233m[38;5;242m[48;5;236m [m[38;5;252m[48;5;233m[38;5;67m[48;5;236m{string}[m[38;5;252m[48;5;233m[38;5;242m[48;5;236m method[m[38;5;252m[48;5;233m[48;5;236m                                                                                                                [m[38;5;252m[48;5;233m[7;3H[38;5;242m1
  2
  3
  4
  5
  6
  7
  8
  9
 10
 11
 12
 13
 14
 15
 16
 17
 18
 19
 20
 21[m[38;5;252m[48;5;233m[29;132H[38;5;246m[48;5;237m5[6;6H[?25h[?25l[m[38;5;252m[48;5;233m[2;3H[38;5;242m5
  4
  3
  2
  1  * [m[38;5;252m[48;5;233m@param[38;5;242m [m[38;5;252m[48;5;233m[38;5;67m{string}[m[38;5;252m[48;5;233m[38;5;242m method[m[38;5;252m[48;5;233m[6;30H[K[7;1H[38;5;172m6   [m[38;5;252m[48;5;233m[38;5;242m[48;5;236m * [m[38;5;252m[48;5;233m[48;5;236m@param[m[38;5;252m[48;5;233m[38;5;242m[48;5;236m [m[38;5;252m[48;5;233m[38;5;67m[48;5;236m{object}[m[38;5;252m[48;5;233m[38;5;242m[48;5;236m payload[m[38;5;252m[48;5;233m[48;5;236m                                                                                                               [m[38;5;252m[48;5;233m[8;3H[38;5;242m1
  2
  3
  4
  5
  6
  7
  8
  9
 10
 11
 12
 13
 14
 15
 16
 17
 18
 19
 20[m[38;5;252m[48;5;233m[29;132H[38;5;246m[48;5;237m6[7;6H[?25h[?25l[m[38;5;252m[48;5;233m[2;3H[38;5;242m6
  5
  4
  3
  2
  1  * [m[38;5;252m[48;5;233m@param[38;5;242m [m[38;5;252m[48;5;233m[38;5;67m{object}[m[38;5;252m[48;5;233m[38;5;242m payload[m[38;5;252m[48;5;233m[7;31H[K[8;1H[38;5;172m7   [m[38;5;252m[48;5;233m[38;5;242m[48;5;236m */[m[38;5;252m[48;5;233m[48;5;236m                                                                                                                                      [m[38;5;252m[48;5;233m[9;3H[38;5;242m1
  2
  3
  4
  5
  6
  7
  8
  9
 10
 11
 12
 13
 14
 15
 16
 17
 18
 19[m[38;5;252m[48;5;233m[29;132H[38;5;246m[48;5;237m7[8;6H[?25h[27m[29m[m[38;5;252m[48;5;233m[H[2J[1;1H[1m request.js [m[38;5;252m[48;5;233m[7m[38;5;59m[48;5;252m                                                            [?25l[m[38;5;252m[48;5;233m[2;1H[38;5;242m  2  * [m[38;5;252m[48;5;233m@param[38;5;242m [m[38;5;252m[48;5;233m[38;5;67m{string}[m[38;5;252m[48;5;233m[38;5;242m method
  1  * [m[38;5;252m[48;5;233m@param[38;5;242m [m[38;5;252m[48;5;233m[38;5;67m{object}[m[38;5;252m[48;5;233m[38;5;242m payload[m[38;5;252m[48;5;233m
[38;5;172m7   [m[38;5;252m[48;5;233m[38;5;242m[48;5;236m */[m[38;5;252m[48;5;233m[48;5;236m                                                                 [m[38;5;252m[48;5;233m[5;1H[38;5;242m  1 [m[38;5;252m[48;5;233m[38;5;172mconst[m[38;5;252m[48;5;233m request [38;5;252m=[m[38;5;252m[48;5;233m [38;5;252m([m[38;5;252m[48;5;233ment[38;5;252m,[m[38;5;252m[48;5;233m method[38;5;252m,[m[38;5;252m[48;5;233m payload[38;5;252m)[m[38;5;252m[48;5;233m [38;5;252m=>[m[38;5;252m[48;5;233m [38;5;252m{[m[38;5;252m[48;5;233m
[38;5;242m  2 [m[38;5;252m[48;5;233m  [38;5;67mreturn[m[38;5;252m[48;5;233m [38;5;67mnew[m[38;5;252m[48;5;233m [38;5;132mPromise[m[38;5;252m[48;5;233m[38;5;252m(([m[38;5;252m[48;5;233mresolve[38;5;252m,[m[38;5;252m[48;5;233m reject[38;5;252m)[m[38;5;252m[48;5;233m [38;5;252m=>[m[38;5;252m[48;5;233m [38;5;252m{[m[38;5;252m[48;5;233m
[38;5;242m  3 [m[38;5;252m[48;5;233m    [38;5;172mconst[m[38;5;252m[48;5;233m task [38;5;252m=[m[38;5;252m[48;5;233m axios[38;5;252m[[m[38;5;252m[48;5;233mmethod[38;5;252m][m[38;5;252m[48;5;233m
[38;5;242m  4 [m[38;5;252m[48;5;233m    [38;5;172mconst[m[38;5;252m[48;5;233m baseUrl [38;5;252m=[m[38;5;252m[48;5;233m [38;5;179m'https://reqres.in/api'[m[38;5;252m[48;5;233m
[38;5;242m  5 [m[38;5;252m[48;5;233m    [38;5;172mconst[m[38;5;252m[48;5;233m entity [38;5;252m=[m[38;5;252m[48;5;233m ent [38;5;252m||[m[38;5;252m[48;5;233m [38;5;179m'users'[m[38;5;252m[48;5;233m [38;5;242m// @todo generalize the entity to [10;1H  6 [m[38;5;252m[48;5;233m    [38;5;172mconst[m[38;5;252m[48;5;233m glue [38;5;252m=[m[38;5;252m[48;5;233m [38;5;179m'/'[m[38;5;252m[48;5;233m
[38;5;242m  7 [m[38;5;252m[48;5;233m    [38;5;172mconst[m[38;5;252m[48;5;233m endpoint [38;5;252m=[m[38;5;252m[48;5;233m [38;5;252m[[m[38;5;252m[48;5;233mbaseUrl[38;5;252m,[m[38;5;252m[48;5;233m entity[38;5;252m][m[38;5;252m[48;5;233m.[38;5;150mjoin[m[38;5;252m[48;5;233m[38;5;252m([m[38;5;252m[48;5;233mglue[38;5;252m)[m[38;5;252m[48;5;233m
[38;5;242m  8 [m[38;5;252m[48;5;233m
[1m[38;5;235m[48;5;246m 1 [m[38;5;252m[48;5;233m[38;5;246m[48;5;239mî‚°[13;5H - 639 bytes request.js [m[38;5;252m[48;5;233m[38;5;239m[48;5;237mî‚°[m[38;5;252m[48;5;233m[13;30H[38;5;246m[48;5;237m javascript [m[38;5;252m[48;5;233m[38;5;237m[48;5;239mî‚°[m[38;5;252m[48;5;233m[13;43H[38;5;246m[48;5;239m â– â“¢[13;47H  [m[38;5;252m[48;5;233m[38;5;239m[48;5;241mî‚°[m[38;5;252m[48;5;233m[13;50H[38;5;237m[48;5;241m                 [m[38;5;252m[48;5;233m[38;5;239m[48;5;241mî‚²[m[38;5;252m[48;5;233m[13;68H[38;5;246m[48;5;239m 26% [4;6H[?25h[?25l[14;1H[m[38;5;252m[48;5;233m:[?1000l[?2004hechomsg l:message[?1000h(parameter) payload: any[4;6H[?25h[27m[29m[m[38;5;252m[48;5;233m[H[2J[1;1H[1m request.js [m[38;5;252m[48;5;233m[7m[38;5;59m[48;5;252m                                                            [?25l[m[38;5;252m[48;5;233m[2;1H[38;5;242m  1  * [m[38;5;252m[48;5;233m@param[38;5;242m [m[38;5;252m[48;5;233m[38;5;67m{object}[m[38;5;252m[48;5;233m[38;5;242m payload[m[38;5;252m[48;5;233m
[38;5;172m7   [m[38;5;252m[48;5;233m[38;5;242m[48;5;236m */[m[38;5;252m[48;5;233m[48;5;236m                                                                 [m[38;5;252m[48;5;233m[4;1H[38;5;242m  1 [m[38;5;252m[48;5;233m[38;5;172mconst[m[38;5;252m[48;5;233m request [38;5;252m=[m[38;5;252m[48;5;233m [38;5;252m([m[38;5;252m[48;5;233ment[38;5;252m,[m[38;5;252m[48;5;233m method[38;5;252m,[m[38;5;252m[48;5;233m payload[38;5;252m)[m[38;5;252m[48;5;233m [38;5;252m=>[m[38;5;252m[48;5;233m [38;5;252m{[m[38;5;252m[48;5;233m
[1m[38;5;235m[48;5;246m 1 [m[38;5;252m[48;5;233m[38;5;246m[48;5;239mî‚°[5;5H - 639 bytes request.js [m[38;5;252m[48;5;233m[38;5;239m[48;5;237mî‚°[m[38;5;252m[48;5;233m[5;30H[38;5;246m[48;5;237m javascript [m[38;5;252m[48;5;233m[38;5;237m[48;5;239mî‚°[m[38;5;252m[48;5;233m[5;43H[38;5;246m[48;5;239m â– â“¢[5;47H  [m[38;5;252m[48;5;233m[38;5;239m[48;5;241mî‚°[m[38;5;252m[48;5;233m[5;50H[38;5;237m[48;5;241m                 [m[38;5;252m[48;5;233m[38;5;239m[48;5;241mî‚²[m[38;5;252m[48;5;233m[5;68H[38;5;246m[48;5;239m 21% [3;6H[?25h[7;1H[m[38;5;252m[48;5;233m[39;49m[?2004l[?1l>[>4;m[?1049lVim: Caught deadly signal HUP
Vim: Finished.
[7;1H[23;2t[23;1t[27m[29m[m[38;5;252m[48;5;233m[39;49m